#
# There is insufficient memory for the Java Runtime Environment to continue.
# Native memory allocation (malloc) failed to allocate 1228896 bytes for Chunk::new
# Possible reasons:
#   The system is out of physical RAM or swap space
#   In 32 bit mode, the process size limit was hit
# Possible solutions:
#   Reduce memory load on the system
#   Increase physical memory or swap space
#   Check if swap backing store is full
#   Use 64 bit Java on a 64 bit OS
#   Decrease Java heap size (-Xmx/-Xms)
#   Decrease number of Java threads
#   Decrease Java thread stack sizes (-Xss)
#   Set larger code cache with -XX:ReservedCodeCacheSize=
# This output file may be truncated or incomplete.
#
#  Out of Memory Error (allocation.cpp:390), pid=3088, tid=5024
#
# JRE version: Java(TM) SE Runtime Environment (8.0_20-b26) (build 1.8.0_20-b26)
# Java VM: Java HotSpot(TM) 64-Bit Server VM (25.20-b23 mixed mode windows-amd64 compressed oops)
# Failed to write core dump. Minidumps are not enabled by default on client versions of Windows
#

---------------  T H R E A D  ---------------

Current thread (0x000000005647b000):  JavaThread "C2 CompilerThread1" daemon [_thread_in_native, id=5024, stack(0x0000000056c70000,0x0000000056d70000)]

Stack: [0x0000000056c70000,0x0000000056d70000]
Native frames: (J=compiled Java code, j=interpreted, Vv=VM code, C=native code)
V  [jvm.dll+0x3152fa]


Current CompileTask:
C2:5015945 11442       4       com.fasterxml.classmate.ResolvedTypeWithMembers::resolveMemberMethods (799 bytes)


---------------  P R O C E S S  ---------------

Java Threads: ( => current thread )
  0x000000005736f000 JavaThread "Tomcat JDBC Pool Cleaner[1943105171:1499839614777]" daemon [_thread_blocked, id=5276, stack(0x0000000060310000,0x0000000060410000)]
  0x0000000057370800 JavaThread "container-0" [_thread_blocked, id=3648, stack(0x00000000592f0000,0x00000000593f0000)]
  0x0000000057377800 JavaThread "ContainerBackgroundProcessor[StandardEngine[Tomcat].StandardHost[localhost].StandardContext[]]" daemon [_thread_blocked, id=4220, stack(0x0000000060200000,0x0000000060300000)]
  0x0000000057372000 JavaThread "localhost-startStop-1" daemon [_thread_blocked, id=1248, stack(0x000000005e6c0000,0x000000005e7c0000)]
  0x000000005737a000 JavaThread "Tomcat-startStop-1" daemon [_thread_blocked, id=5780, stack(0x000000005d8b0000,0x000000005d9b0000)]
  0x000000005737c000 JavaThread "restartedMain" [_thread_in_native, id=4484, stack(0x000000005d790000,0x000000005d890000)]
  0x000000005736d800 JavaThread "Thread-40" [_thread_blocked, id=5488, stack(0x000000005dd40000,0x000000005de40000)]
  0x000000005737a800 JavaThread "DestroyJavaVM" [_thread_blocked, id=3572, stack(0x0000000002480000,0x0000000002580000)]
  0x0000000057376000 JavaThread "Live Reload Server" daemon [_thread_in_native, id=3372, stack(0x000000005ec70000,0x000000005ed70000)]
  0x0000000057373000 JavaThread "Abandoned connection cleanup thread" daemon [_thread_blocked, id=4136, stack(0x0000000058f90000,0x0000000059090000)]
  0x0000000054f0f000 JavaThread "Service Thread" daemon [_thread_blocked, id=4544, stack(0x0000000056e60000,0x0000000056f60000)]
  0x0000000054f07000 JavaThread "C1 CompilerThread2" daemon [_thread_blocked, id=3448, stack(0x0000000056b70000,0x0000000056c70000)]
=>0x000000005647b000 JavaThread "C2 CompilerThread1" daemon [_thread_in_native, id=5024, stack(0x0000000056c70000,0x0000000056d70000)]
  0x0000000056475800 JavaThread "C2 CompilerThread0" daemon [_thread_blocked, id=1220, stack(0x00000000569d0000,0x0000000056ad0000)]
  0x0000000056474800 JavaThread "Attach Listener" daemon [_thread_blocked, id=5272, stack(0x0000000056200000,0x0000000056300000)]
  0x0000000054f06000 JavaThread "Signal Dispatcher" daemon [_thread_blocked, id=5356, stack(0x0000000056870000,0x0000000056970000)]
  0x0000000054ea8000 JavaThread "Finalizer" daemon [_thread_blocked, id=4568, stack(0x0000000056370000,0x0000000056470000)]
  0x0000000054e9f000 JavaThread "Reference Handler" daemon [_thread_blocked, id=3520, stack(0x00000000560e0000,0x00000000561e0000)]

Other Threads:
  0x0000000054e99800 VMThread [stack: 0x0000000055f50000,0x0000000056050000] [id=4332]
  0x00000000564e2000 WatcherThread [stack: 0x0000000056f70000,0x0000000057070000] [id=5064]

VM state:not at safepoint (normal execution)

VM Mutex/Monitor currently owned by a thread: None

Heap:
 PSYoungGen      total 320000K, used 261404K [0x00000000eb400000, 0x0000000100000000, 0x0000000100000000)
  eden space 299008K, 87% used [0x00000000eb400000,0x00000000fb3472d0,0x00000000fd800000)
  from space 20992K, 0% used [0x00000000feb80000,0x00000000feb80000,0x0000000100000000)
  to   space 19968K, 0% used [0x00000000fd800000,0x00000000fd800000,0x00000000feb80000)
 ParOldGen       total 57856K, used 25902K [0x00000000c1c00000, 0x00000000c5480000, 0x00000000eb400000)
  object space 57856K, 44% used [0x00000000c1c00000,0x00000000c354bb80,0x00000000c5480000)
 Metaspace       used 59706K, capacity 61350K, committed 61864K, reserved 1103872K
  class space    used 7166K, capacity 7504K, committed 7592K, reserved 1048576K

Card table byte_map: [0x0000000011c10000,0x0000000011e10000] byte_map_base: 0x0000000011602000

Marking Bits: (ParMarkBitMap*) 0x000000006f67b460
 Begin Bits: [0x00000000123f0000, 0x0000000013380000)
 End Bits:   [0x0000000013380000, 0x0000000014310000)

Polling page: 0x0000000000230000

CodeCache: size=245760Kb used=31538Kb max_used=31605Kb free=214221Kb
 bounds [0x0000000002850000, 0x0000000004790000, 0x0000000011850000]
 total_blobs=9407 nmethods=8878 adapters=441
 compilation: enabled

Compilation events (10 events):
Event: 5014.505 Thread 0x0000000056475800 nmethod 11450 0x00000000032585d0 code [0x0000000003258700, 0x0000000003258778]
Event: 5014.505 Thread 0x0000000056475800 11453  s    4       java.util.Hashtable::remove (133 bytes)
Event: 5014.508 Thread 0x0000000054f07000 11454   !   3       sun.nio.cs.US_ASCII$Decoder::decodeArrayLoop (297 bytes)
Event: 5014.512 Thread 0x0000000054f07000 nmethod 11454 0x0000000004772810 code [0x0000000004772d20, 0x0000000004775d68]
Event: 5014.513 Thread 0x0000000054f07000 11455   !   3       java.net.AbstractPlainSocketImpl::releaseFD (74 bytes)
Event: 5014.514 Thread 0x0000000054f07000 nmethod 11455 0x00000000033c33d0 code [0x00000000033c3560, 0x00000000033c3b48]
Event: 5014.515 Thread 0x0000000054f07000 11456       3       java.util.concurrent.LinkedBlockingQueue$Node::<init> (10 bytes)
Event: 5014.516 Thread 0x0000000054f07000 nmethod 11456 0x0000000003699150 code [0x00000000036992a0, 0x0000000003699470]
Event: 5014.518 Thread 0x0000000056475800 nmethod 11453 0x0000000003518d50 code [0x0000000003518ea0, 0x0000000003519538]
Event: 5014.518 Thread 0x0000000056475800 11457       4       java.util.PropertyResourceBundle::handleGetObject (23 bytes)

GC Heap History (10 events):
Event: 4382.256 GC heap before
{Heap before GC invocations=33 (full 7):
 PSYoungGen      total 292864K, used 63122K [0x00000000eb400000, 0x00000000ff000000, 0x0000000100000000)
  eden space 283648K, 19% used [0x00000000eb400000,0x00000000ee904708,0x00000000fc900000)
  from space 9216K, 95% used [0x00000000fd600000,0x00000000fdea0470,0x00000000fdf00000)
  to   space 17408K, 0% used [0x00000000fdf00000,0x00000000fdf00000,0x00000000ff000000)
 ParOldGen       total 57856K, used 27268K [0x00000000c1c00000, 0x00000000c5480000, 0x00000000eb400000)
  object space 57856K, 47% used [0x00000000c1c00000,0x00000000c36a1190,0x00000000c5480000)
 Metaspace       used 58922K, capacity 60750K, committed 61096K, reserved 1103872K
  class space    used 7134K, capacity 7467K, committed 7592K, reserved 1048576K
Event: 4382.303 GC heap after
Heap after GC invocations=33 (full 7):
 PSYoungGen      total 300032K, used 2480K [0x00000000eb400000, 0x00000000fef00000, 0x0000000100000000)
  eden space 283648K, 0% used [0x00000000eb400000,0x00000000eb400000,0x00000000fc900000)
  from space 16384K, 15% used [0x00000000fdf00000,0x00000000fe16c090,0x00000000fef00000)
  to   space 19456K, 0% used [0x00000000fc900000,0x00000000fc900000,0x00000000fdc00000)
 ParOldGen       total 57856K, used 27276K [0x00000000c1c00000, 0x00000000c5480000, 0x00000000eb400000)
  object space 57856K, 47% used [0x00000000c1c00000,0x00000000c36a3190,0x00000000c5480000)
 Metaspace       used 58922K, capacity 60750K, committed 61096K, reserved 1103872K
  class space    used 7134K, capacity 7467K, committed 7592K, reserved 1048576K
}
Event: 4382.303 GC heap before
{Heap before GC invocations=34 (full 8):
 PSYoungGen      total 300032K, used 2480K [0x00000000eb400000, 0x00000000fef00000, 0x0000000100000000)
  eden space 283648K, 0% used [0x00000000eb400000,0x00000000eb400000,0x00000000fc900000)
  from space 16384K, 15% used [0x00000000fdf00000,0x00000000fe16c090,0x00000000fef00000)
  to   space 19456K, 0% used [0x00000000fc900000,0x00000000fc900000,0x00000000fdc00000)
 ParOldGen       total 57856K, used 27276K [0x00000000c1c00000, 0x00000000c5480000, 0x00000000eb400000)
  object space 57856K, 47% used [0x00000000c1c00000,0x00000000c36a3190,0x00000000c5480000)
 Metaspace       used 58922K, capacity 60750K, committed 61096K, reserved 1103872K
  class space    used 7134K, capacity 7467K, committed 7592K, reserved 1048576K
Event: 4393.699 GC heap after
Heap after GC invocations=34 (full 8):
 PSYoungGen      total 300032K, used 0K [0x00000000eb400000, 0x00000000fef00000, 0x0000000100000000)
  eden space 283648K, 0% used [0x00000000eb400000,0x00000000eb400000,0x00000000fc900000)
  from space 16384K, 0% used [0x00000000fdf00000,0x00000000fdf00000,0x00000000fef00000)
  to   space 19456K, 0% used [0x00000000fc900000,0x00000000fc900000,0x00000000fdc00000)
 ParOldGen       total 57856K, used 23672K [0x00000000c1c00000, 0x00000000c5480000, 0x00000000eb400000)
  object space 57856K, 40% used [0x00000000c1c00000,0x00000000c331e1a0,0x00000000c5480000)
 Metaspace       used 58515K, capacity 59952K, committed 61096K, reserved 1103872K
  class space    used 7060K, capacity 7333K, committed 7592K, reserved 1048576K
}
Event: 4408.600 GC heap before
{Heap before GC invocations=35 (full 8):
 PSYoungGen      total 300032K, used 283648K [0x00000000eb400000, 0x00000000fef00000, 0x0000000100000000)
  eden space 283648K, 100% used [0x00000000eb400000,0x00000000fc900000,0x00000000fc900000)
  from space 16384K, 0% used [0x00000000fdf00000,0x00000000fdf00000,0x00000000fef00000)
  to   space 19456K, 0% used [0x00000000fc900000,0x00000000fc900000,0x00000000fdc00000)
 ParOldGen       total 57856K, used 23672K [0x00000000c1c00000, 0x00000000c5480000, 0x00000000eb400000)
  object space 57856K, 40% used [0x00000000c1c00000,0x00000000c331e1a0,0x00000000c5480000)
 Metaspace       used 59030K, capacity 60540K, committed 61352K, reserved 1103872K
  class space    used 7107K, capacity 7397K, committed 7592K, reserved 1048576K
Event: 4408.644 GC heap after
Heap after GC invocations=35 (full 8):
 PSYoungGen      total 303104K, used 13781K [0x00000000eb400000, 0x0000000100000000, 0x0000000100000000)
  eden space 283648K, 0% used [0x00000000eb400000,0x00000000eb400000,0x00000000fc900000)
  from space 19456K, 70% used [0x00000000fc900000,0x00000000fd675580,0x00000000fdc00000)
  to   space 20992K, 0% used [0x00000000feb80000,0x00000000feb80000,0x0000000100000000)
 ParOldGen       total 57856K, used 23680K [0x00000000c1c00000, 0x00000000c5480000, 0x00000000eb400000)
  object space 57856K, 40% used [0x00000000c1c00000,0x00000000c33201a0,0x00000000c5480000)
 Metaspace       used 59030K, capacity 60540K, committed 61352K, reserved 1103872K
  class space    used 7107K, capacity 7397K, committed 7592K, reserved 1048576K
}
Event: 5003.848 GC heap before
{Heap before GC invocations=36 (full 8):
 PSYoungGen      total 303104K, used 282765K [0x00000000eb400000, 0x0000000100000000, 0x0000000100000000)
  eden space 283648K, 94% used [0x00000000eb400000,0x00000000fbaadff0,0x00000000fc900000)
  from space 19456K, 70% used [0x00000000fc900000,0x00000000fd675580,0x00000000fdc00000)
  to   space 20992K, 0% used [0x00000000feb80000,0x00000000feb80000,0x0000000100000000)
 ParOldGen       total 57856K, used 23680K [0x00000000c1c00000, 0x00000000c5480000, 0x00000000eb400000)
  object space 57856K, 40% used [0x00000000c1c00000,0x00000000c33201a0,0x00000000c5480000)
 Metaspace       used 59582K, capacity 61212K, committed 61864K, reserved 1103872K
  class space    used 7148K, capacity 7462K, committed 7592K, reserved 1048576K
Event: 5003.873 GC heap after
Heap after GC invocations=36 (full 8):
 PSYoungGen      total 320000K, used 4784K [0x00000000eb400000, 0x0000000100000000, 0x0000000100000000)
  eden space 299008K, 0% used [0x00000000eb400000,0x00000000eb400000,0x00000000fd800000)
  from space 20992K, 22% used [0x00000000feb80000,0x00000000ff02c090,0x0000000100000000)
  to   space 19968K, 0% used [0x00000000fd800000,0x00000000fd800000,0x00000000feb80000)
 ParOldGen       total 57856K, used 23680K [0x00000000c1c00000, 0x00000000c5480000, 0x00000000eb400000)
  object space 57856K, 40% used [0x00000000c1c00000,0x00000000c33201a0,0x00000000c5480000)
 Metaspace       used 59582K, capacity 61212K, committed 61864K, reserved 1103872K
  class space    used 7148K, capacity 7462K, committed 7592K, reserved 1048576K
}
Event: 5003.873 GC heap before
{Heap before GC invocations=37 (full 9):
 PSYoungGen      total 320000K, used 4784K [0x00000000eb400000, 0x0000000100000000, 0x0000000100000000)
  eden space 299008K, 0% used [0x00000000eb400000,0x00000000eb400000,0x00000000fd800000)
  from space 20992K, 22% used [0x00000000feb80000,0x00000000ff02c090,0x0000000100000000)
  to   space 19968K, 0% used [0x00000000fd800000,0x00000000fd800000,0x00000000feb80000)
 ParOldGen       total 57856K, used 23680K [0x00000000c1c00000, 0x00000000c5480000, 0x00000000eb400000)
  object space 57856K, 40% used [0x00000000c1c00000,0x00000000c33201a0,0x00000000c5480000)
 Metaspace       used 59582K, capacity 61212K, committed 61864K, reserved 1103872K
  class space    used 7148K, capacity 7462K, committed 7592K, reserved 1048576K
Event: 5004.472 GC heap after
Heap after GC invocations=37 (full 9):
 PSYoungGen      total 320000K, used 0K [0x00000000eb400000, 0x0000000100000000, 0x0000000100000000)
  eden space 299008K, 0% used [0x00000000eb400000,0x00000000eb400000,0x00000000fd800000)
  from space 20992K, 0% used [0x00000000feb80000,0x00000000feb80000,0x0000000100000000)
  to   space 19968K, 0% used [0x00000000fd800000,0x00000000fd800000,0x00000000feb80000)
 ParOldGen       total 57856K, used 25902K [0x00000000c1c00000, 0x00000000c5480000, 0x00000000eb400000)
  object space 57856K, 44% used [0x00000000c1c00000,0x00000000c354bb80,0x00000000c5480000)
 Metaspace       used 59553K, capacity 61164K, committed 61864K, reserved 1103872K
  class space    used 7143K, capacity 7453K, committed 7592K, reserved 1048576K
}

Deoptimization events (10 events):
Event: 4410.989 Thread 0x000000005737b800 Uncommon trap: reason=class_check action=maybe_recompile pc=0x00000000046696fc method=java.util.regex.Pattern$Ques.match(Ljava/util/regex/Matcher;ILjava/lang/CharSequence;)Z @ 39
Event: 5011.820 Thread 0x000000005737c000 Uncommon trap: reason=array_check action=maybe_recompile pc=0x0000000002f39bec method=org.springframework.core.type.classreading.RecursiveAnnotationArrayVisitor.visit(Ljava/lang/String;Ljava/lang/Object;)V @ 96
Event: 5011.876 Thread 0x000000005737c000 Uncommon trap: reason=class_check action=maybe_recompile pc=0x0000000004718b20 method=sun.reflect.DelegatingConstructorAccessorImpl.newInstance([Ljava/lang/Object;)Ljava/lang/Object; @ 5
Event: 5011.876 Thread 0x000000005737c000 Uncommon trap: reason=class_check action=maybe_recompile pc=0x0000000004718b20 method=sun.reflect.DelegatingConstructorAccessorImpl.newInstance([Ljava/lang/Object;)Ljava/lang/Object; @ 5
Event: 5011.878 Thread 0x000000005737c000 Uncommon trap: reason=class_check action=maybe_recompile pc=0x0000000004718b20 method=sun.reflect.DelegatingConstructorAccessorImpl.newInstance([Ljava/lang/Object;)Ljava/lang/Object; @ 5
Event: 5011.878 Thread 0x000000005737c000 Uncommon trap: reason=class_check action=maybe_recompile pc=0x0000000004718b20 method=sun.reflect.DelegatingConstructorAccessorImpl.newInstance([Ljava/lang/Object;)Ljava/lang/Object; @ 5
Event: 5011.892 Thread 0x000000005737c000 Uncommon trap: reason=array_check action=maybe_recompile pc=0x0000000002f39bec method=org.springframework.core.type.classreading.RecursiveAnnotationArrayVisitor.visit(Ljava/lang/String;Ljava/lang/Object;)V @ 96
Event: 5011.892 Thread 0x000000005737c000 Uncommon trap: reason=array_check action=maybe_recompile pc=0x0000000002f39bec method=org.springframework.core.type.classreading.RecursiveAnnotationArrayVisitor.visit(Ljava/lang/String;Ljava/lang/Object;)V @ 96
Event: 5011.909 Thread 0x000000005737c000 Uncommon trap: reason=array_check action=maybe_recompile pc=0x0000000002f39bec method=org.springframework.core.type.classreading.RecursiveAnnotationArrayVisitor.visit(Ljava/lang/String;Ljava/lang/Object;)V @ 96
Event: 5014.068 Thread 0x0000000057372000 Uncommon trap: reason=null_check action=make_not_entrant pc=0x0000000002e4cddc method=org.hibernate.validator.internal.util.ReflectionHelper.isIterable(Ljava/lang/reflect/Type;)Z @ 13

Internal exceptions (10 events):
Event: 5014.293 Thread 0x000000005737c000 Exception <a 'java/security/PrivilegedActionException'> (0x00000000fa1a9e20) thrown at [D:\re\workspace\8-2-build-windows-amd64-cygwin\jdk8u20\1074\hotspot\src\share\vm\prims\jvm.cpp, line 1275]
Event: 5014.293 Thread 0x000000005737c000 Exception <a 'java/security/PrivilegedActionException'> (0x00000000fa1b0b08) thrown at [D:\re\workspace\8-2-build-windows-amd64-cygwin\jdk8u20\1074\hotspot\src\share\vm\prims\jvm.cpp, line 1275]
Event: 5014.294 Thread 0x000000005737c000 Exception <a 'java/security/PrivilegedActionException'> (0x00000000fa1b1dc0) thrown at [D:\re\workspace\8-2-build-windows-amd64-cygwin\jdk8u20\1074\hotspot\src\share\vm\prims\jvm.cpp, line 1275]
Event: 5014.294 Thread 0x000000005737c000 Exception <a 'java/security/PrivilegedActionException'> (0x00000000fa1b2780) thrown at [D:\re\workspace\8-2-build-windows-amd64-cygwin\jdk8u20\1074\hotspot\src\share\vm\prims\jvm.cpp, line 1275]
Event: 5014.294 Thread 0x000000005737c000 Exception <a 'java/security/PrivilegedActionException'> (0x00000000fa1b7a00) thrown at [D:\re\workspace\8-2-build-windows-amd64-cygwin\jdk8u20\1074\hotspot\src\share\vm\prims\jvm.cpp, line 1275]
Event: 5014.294 Thread 0x000000005737c000 Exception <a 'java/security/PrivilegedActionException'> (0x00000000fa1b8e18) thrown at [D:\re\workspace\8-2-build-windows-amd64-cygwin\jdk8u20\1074\hotspot\src\share\vm\prims\jvm.cpp, line 1275]
Event: 5014.294 Thread 0x000000005737c000 Exception <a 'java/security/PrivilegedActionException'> (0x00000000fa1b97d8) thrown at [D:\re\workspace\8-2-build-windows-amd64-cygwin\jdk8u20\1074\hotspot\src\share\vm\prims\jvm.cpp, line 1275]
Event: 5014.295 Thread 0x000000005737c000 Exception <a 'java/security/PrivilegedActionException'> (0x00000000fa202e80) thrown at [D:\re\workspace\8-2-build-windows-amd64-cygwin\jdk8u20\1074\hotspot\src\share\vm\prims\jvm.cpp, line 1275]
Event: 5014.300 Thread 0x000000005737c000 Exception <a 'java/security/PrivilegedActionException'> (0x00000000fa26aaa0) thrown at [D:\re\workspace\8-2-build-windows-amd64-cygwin\jdk8u20\1074\hotspot\src\share\vm\prims\jvm.cpp, line 1275]
Event: 5014.450 Thread 0x000000005737c000 Exception <a 'java/security/PrivilegedActionException'> (0x00000000faa0c470) thrown at [D:\re\workspace\8-2-build-windows-amd64-cygwin\jdk8u20\1074\hotspot\src\share\vm\prims\jvm.cpp, line 1275]

Events (10 events):
Event: 5014.294 loading class org/hsqldb$jdbcDriver done
Event: 5014.376 Thread 0x000000005737c000 DEOPT PACKING pc=0x00000000039fa4f8 sp=0x000000005d88c460
Event: 5014.445 Thread 0x000000005737c000 DEOPT UNPACKING pc=0x00000000028975bf sp=0x000000005d88c318 mode 0
Event: 5014.448 Thread 0x000000005737c000 DEOPT PACKING pc=0x00000000039fa4f8 sp=0x000000005d88c460
Event: 5014.448 Thread 0x000000005737c000 DEOPT UNPACKING pc=0x00000000028975bf sp=0x000000005d88c318 mode 0
Event: 5014.450 loading class org/hibernate/validator/internal/metadata/raw/ExecutableElement$1
Event: 5014.450 loading class org/hibernate/validator/internal/metadata/raw/ExecutableElement$1 done
Event: 5014.470 Thread 0x000000005737c000 DEOPT PACKING pc=0x00000000039fa4f8 sp=0x000000005d88c460
Event: 5014.470 Thread 0x000000005737c000 DEOPT UNPACKING pc=0x00000000028975bf sp=0x000000005d88c318 mode 0
Event: 5014.504 Thread 0x000000005736f000 Thread added: 0x000000005736f000


Dynamic libraries:
0x000000013f200000 - 0x000000013f234000 	C:\Program Files\Java\jdk1.8.0_20\bin\java.exe
0x0000000077870000 - 0x0000000077a1a000 	C:\Windows\SYSTEM32\ntdll.dll
0x0000000077750000 - 0x000000007786f000 	C:\Windows\system32\kernel32.dll
0x000007fefd650000 - 0x000007fefd6ba000 	C:\Windows\system32\KERNELBASE.dll
0x000007feff070000 - 0x000007feff14b000 	C:\Windows\system32\ADVAPI32.dll
0x000007feff790000 - 0x000007feff82f000 	C:\Windows\system32\msvcrt.dll
0x000007feff170000 - 0x000007feff18f000 	C:\Windows\SYSTEM32\sechost.dll
0x000007fefea60000 - 0x000007fefeb8d000 	C:\Windows\system32\RPCRT4.dll
0x0000000077650000 - 0x000000007774a000 	C:\Windows\system32\USER32.dll
0x000007fefd9f0000 - 0x000007fefda57000 	C:\Windows\system32\GDI32.dll
0x000007fefd9e0000 - 0x000007fefd9ee000 	C:\Windows\system32\LPK.dll
0x000007feff410000 - 0x000007feff4da000 	C:\Windows\system32\USP10.dll
0x000007fefbcc0000 - 0x000007fefbeb4000 	C:\Windows\WinSxS\amd64_microsoft.windows.common-controls_6595b64144ccf1df_6.0.7601.17514_none_fa396087175ac9ac\COMCTL32.dll
0x000007fefda60000 - 0x000007fefdad1000 	C:\Windows\system32\SHLWAPI.dll
0x000007feff760000 - 0x000007feff78e000 	C:\Windows\system32\IMM32.DLL
0x000007fefe8f0000 - 0x000007fefe9f9000 	C:\Windows\system32\MSCTF.dll
0x000000006f8c0000 - 0x000000006f992000 	C:\Program Files\Java\jdk1.8.0_20\jre\bin\msvcr100.dll
0x000000006eea0000 - 0x000000006f6f8000 	C:\Program Files\Java\jdk1.8.0_20\jre\bin\server\jvm.dll
0x000007feef820000 - 0x000007feef829000 	C:\Windows\system32\WSOCK32.dll
0x000007feff4e0000 - 0x000007feff52d000 	C:\Windows\system32\WS2_32.dll
0x000007feff830000 - 0x000007feff838000 	C:\Windows\system32\NSI.dll
0x000007fefb320000 - 0x000007fefb35b000 	C:\Windows\system32\WINMM.dll
0x0000000077a30000 - 0x0000000077a37000 	C:\Windows\system32\PSAPI.DLL
0x0000000072b40000 - 0x0000000072b4f000 	C:\Program Files\Java\jdk1.8.0_20\jre\bin\verify.dll
0x0000000071cc0000 - 0x0000000071ce8000 	C:\Program Files\Java\jdk1.8.0_20\jre\bin\java.dll
0x0000000071ca0000 - 0x0000000071cb6000 	C:\Program Files\Java\jdk1.8.0_20\jre\bin\zip.dll
0x000007fefdae0000 - 0x000007fefe868000 	C:\Windows\system32\SHELL32.dll
0x000007fefeb90000 - 0x000007fefed93000 	C:\Windows\system32\ole32.dll
0x000007fefd620000 - 0x000007fefd62f000 	C:\Windows\system32\profapi.dll
0x000000006d870000 - 0x000000006d87d000 	C:\Program Files\Java\jdk1.8.0_20\jre\bin\management.dll
0x0000000071c80000 - 0x0000000071c9a000 	C:\Program Files\Java\jdk1.8.0_20\jre\bin\net.dll
0x000007fefcdc0000 - 0x000007fefce15000 	C:\Windows\system32\mswsock.dll
0x000007fefcdb0000 - 0x000007fefcdb7000 	C:\Windows\System32\wship6.dll
0x000007fefb620000 - 0x000007fefb635000 	C:\Windows\system32\NLAapi.dll
0x000007fef0280000 - 0x000007fef0295000 	C:\Windows\system32\napinsp.dll
0x000007fef01a0000 - 0x000007fef01b9000 	C:\Windows\system32\pnrpnsp.dll
0x000007fefcc40000 - 0x000007fefcc9b000 	C:\Windows\system32\DNSAPI.dll
0x000007fef0190000 - 0x000007fef019b000 	C:\Windows\System32\winrnr.dll
0x000007fef0180000 - 0x000007fef0190000 	C:\Windows\system32\wshbth.dll
0x000007fefc7e0000 - 0x000007fefc7e7000 	C:\Windows\System32\wshtcpip.dll
0x000007fefaa90000 - 0x000007fefaab7000 	C:\Windows\system32\IPHLPAPI.DLL
0x000007fefaac0000 - 0x000007fefaacb000 	C:\Windows\system32\WINNSI.DLL
0x000007fef97d0000 - 0x000007fef97d8000 	C:\Windows\system32\rasadhlp.dll
0x000007fefa720000 - 0x000007fefa773000 	C:\Windows\System32\fwpuclnt.dll
0x0000000071c60000 - 0x0000000071c71000 	C:\Program Files\Java\jdk1.8.0_20\jre\bin\nio.dll
0x000007fefce20000 - 0x000007fefce37000 	C:\Windows\system32\CRYPTSP.dll
0x000007fefcb20000 - 0x000007fefcb67000 	C:\Windows\system32\rsaenh.dll
0x000007fefd9c0000 - 0x000007fefd9de000 	C:\Windows\system32\USERENV.dll
0x000007fefd480000 - 0x000007fefd48f000 	C:\Windows\system32\CRYPTBASE.dll
0x000007fefa9b0000 - 0x000007fefa9c8000 	C:\Windows\system32\dhcpcsvc.DLL
0x000007fefa5a0000 - 0x000007fefa5b1000 	C:\Windows\system32\dhcpcsvc6.DLL
0x000007feea770000 - 0x000007feea895000 	C:\Windows\system32\dbghelp.dll

VM Arguments:
java_command: com.mac.Application
java_class_path (initial): E:\kaizen\kaizen\target\classes;C:\Users\my\.m2\repository\org\springframework\boot\spring-boot-starter-web\1.4.0.RELEASE\spring-boot-starter-web-1.4.0.RELEASE.jar;C:\Users\my\.m2\repository\org\springframework\boot\spring-boot-starter\1.4.0.RELEASE\spring-boot-starter-1.4.0.RELEASE.jar;C:\Users\my\.m2\repository\org\springframework\boot\spring-boot-starter-logging\1.4.0.RELEASE\spring-boot-starter-logging-1.4.0.RELEASE.jar;C:\Users\my\.m2\repository\ch\qos\logback\logback-classic\1.1.7\logback-classic-1.1.7.jar;C:\Users\my\.m2\repository\ch\qos\logback\logback-core\1.1.7\logback-core-1.1.7.jar;C:\Users\my\.m2\repository\org\slf4j\jul-to-slf4j\1.7.21\jul-to-slf4j-1.7.21.jar;C:\Users\my\.m2\repository\org\slf4j\log4j-over-slf4j\1.7.21\log4j-over-slf4j-1.7.21.jar;C:\Users\my\.m2\repository\org\springframework\spring-core\4.3.2.RELEASE\spring-core-4.3.2.RELEASE.jar;C:\Users\my\.m2\repository\org\yaml\snakeyaml\1.17\snakeyaml-1.17.jar;C:\Users\my\.m2\repository\org\springframework\boot\spring-boot-starter-tomcat\1.4.0.RELEASE\spring-boot-starter-tomcat-1.4.0.RELEASE.jar;C:\Users\my\.m2\repository\org\apache\tomcat\embed\tomcat-embed-core\8.5.4\tomcat-embed-core-8.5.4.jar;C:\Users\my\.m2\repository\org\apache\tomcat\embed\tomcat-embed-el\8.5.4\tomcat-embed-el-8.5.4.jar;C:\Users\my\.m2\repository\org\apache\tomcat\embed\tomcat-embed-websocket\8.5.4\tomcat-embed-websocket-8.5.4.jar;C:\Users\my\.m2\repository\org\hibernate\hibernate-validator\5.2.4.Final\hibernate-validator-5.2.4.Final.jar;C:\Users\my\.m2\repository\javax\validation\validation-api\1.1.0.Final\validation-api-1.1.0.Final.jar;C:\Users\my\.m2\repository\org\jboss\logging\jboss-logging\3.3.0.Final\jboss-logging-3.3.0.Final.jar;C:\Users\my\.m2\repository\com\fasterxml\classmate\1.3.1\classmate-1.3.1.jar;C:\Users\my\.m2\repository\com\fasterxml\jackson\core\jackson-databind\2.8.1\jackson-databind-2.8.1.jar;C:\Users\my\.m2\repository\com\fasterxml\jackson\core\jackson-annotations\2.8.1\
Launcher Type: SUN_STANDARD

Environment Variables:
JAVA_HOME=C:\Program Files\Java\jdk1.8.0_20
PATH=C:\ProgramData\Oracle\Java\javapath;C:\Windows\system32;C:\Windows;C:\Windows\System32\Wbem;C:\Windows\System32\WindowsPowerShell\v1.0;C:\Program Files\Java\jdk1.8.0_20\bin;C:\Program Files\nodejs;C:\Program Files\nodejs\node_modules\npm\bin;;C:\Program Files\Git\cmd;;C:\Program Files (x86)\Brackets\command;C:\Program Files (x86)\MySQL\MySQL Server 5.0\bin;C:\Users\my\AppData\Roaming\npm
USERNAME=my
OS=Windows_NT
PROCESSOR_IDENTIFIER=Intel64 Family 6 Model 58 Stepping 9, GenuineIntel



---------------  S Y S T E M  ---------------

OS: Windows 7 , 64 bit Build 7601 Service Pack 1

CPU:total 4 (2 cores per cpu, 2 threads per core) family 6 model 58 stepping 9, cmov, cx8, fxsr, mmx, sse, sse2, sse3, ssse3, sse4.1, sse4.2, popcnt, avx, clmul, erms, ht, tsc, tscinvbit, tscinv

Memory: 4k page, physical 4073836k(820536k free), swap 16293484k(196000k free)

vm_info: Java HotSpot(TM) 64-Bit Server VM (25.20-b23) for windows-amd64 JRE (1.8.0_20-b26), built on Jul 30 2014 13:51:23 by "java_re" with MS VC++ 10.0 (VS2010)

time: Tue Jul 11 23:06:55 2017
elapsed time: 5014 seconds (0d 1h 23m 34s)

