#
# There is insufficient memory for the Java Runtime Environment to continue.
# Native memory allocation (malloc) failed to allocate 466656 bytes for Chunk::new
# Possible reasons:
#   The system is out of physical RAM or swap space
#   In 32 bit mode, the process size limit was hit
# Possible solutions:
#   Reduce memory load on the system
#   Increase physical memory or swap space
#   Check if swap backing store is full
#   Use 64 bit Java on a 64 bit OS
#   Decrease Java heap size (-Xmx/-Xms)
#   Decrease number of Java threads
#   Decrease Java thread stack sizes (-Xss)
#   Set larger code cache with -XX:ReservedCodeCacheSize=
# This output file may be truncated or incomplete.
#
#  Out of Memory Error (allocation.cpp:390), pid=5268, tid=4280
#
# JRE version: Java(TM) SE Runtime Environment (8.0_20-b26) (build 1.8.0_20-b26)
# Java VM: Java HotSpot(TM) 64-Bit Server VM (25.20-b23 mixed mode windows-amd64 compressed oops)
# Failed to write core dump. Minidumps are not enabled by default on client versions of Windows
#

---------------  T H R E A D  ---------------

Current thread (0x0000000056451000):  JavaThread "C2 CompilerThread0" daemon [_thread_in_native, id=4280, stack(0x0000000056aa0000,0x0000000056ba0000)]

Stack: [0x0000000056aa0000,0x0000000056ba0000]
Native frames: (J=compiled Java code, j=interpreted, Vv=VM code, C=native code)
V  [jvm.dll+0x3152fa]


Current CompileTask:
C2:   4859 1343   !   4       java.lang.ClassLoader::loadClass (122 bytes)


---------------  P R O C E S S  ---------------

Java Threads: ( => current thread )
  0x00000000551bf000 JavaThread "Service Thread" daemon [_thread_blocked, id=3728, stack(0x0000000056f90000,0x0000000057090000)]
  0x00000000551b7800 JavaThread "C1 CompilerThread2" daemon [_thread_blocked, id=5368, stack(0x0000000056e10000,0x0000000056f10000)]
  0x000000005645c000 JavaThread "C2 CompilerThread1" daemon [_thread_blocked, id=1432, stack(0x0000000056cb0000,0x0000000056db0000)]
=>0x0000000056451000 JavaThread "C2 CompilerThread0" daemon [_thread_in_native, id=4280, stack(0x0000000056aa0000,0x0000000056ba0000)]
  0x0000000056450800 JavaThread "Attach Listener" daemon [_thread_blocked, id=5776, stack(0x0000000056850000,0x0000000056950000)]
  0x00000000551b3800 JavaThread "Signal Dispatcher" daemon [_thread_blocked, id=1296, stack(0x00000000569a0000,0x0000000056aa0000)]
  0x0000000055152000 JavaThread "Finalizer" daemon [_thread_blocked, id=2708, stack(0x0000000055fb0000,0x00000000560b0000)]
  0x000000005514b000 JavaThread "Reference Handler" daemon [_thread_blocked, id=5596, stack(0x0000000056350000,0x0000000056450000)]
  0x000000000020f000 JavaThread "main" [_thread_in_native, id=2672, stack(0x00000000025a0000,0x00000000026a0000)]

Other Threads:
  0x0000000055145800 VMThread [stack: 0x0000000056120000,0x0000000056220000] [id=5556]
  0x00000000564b9000 WatcherThread [stack: 0x00000000570f0000,0x00000000571f0000] [id=5680]

VM state:not at safepoint (normal execution)

VM Mutex/Monitor currently owned by a thread: None

Heap:
 PSYoungGen      total 35328K, used 5002K [0x00000000eb400000, 0x00000000ed900000, 0x0000000100000000)
  eden space 32768K, 7% used [0x00000000eb400000,0x00000000eb662860,0x00000000ed400000)
  from space 2560K, 100% used [0x00000000ed400000,0x00000000ed680000,0x00000000ed680000)
  to   space 2560K, 0% used [0x00000000ed680000,0x00000000ed680000,0x00000000ed900000)
 ParOldGen       total 44032K, used 4935K [0x00000000c1c00000, 0x00000000c4700000, 0x00000000eb400000)
  object space 44032K, 11% used [0x00000000c1c00000,0x00000000c20d1e20,0x00000000c4700000)
 Metaspace       used 11838K, capacity 12006K, committed 12288K, reserved 1060864K
  class space    used 1453K, capacity 1506K, committed 1536K, reserved 1048576K

Card table byte_map: [0x0000000011d30000,0x0000000011f30000] byte_map_base: 0x0000000011722000

Marking Bits: (ParMarkBitMap*) 0x000000006f67b460
 Begin Bits: [0x00000000126a0000, 0x0000000013630000)
 End Bits:   [0x0000000013630000, 0x00000000145c0000)

Polling page: 0x0000000000130000

CodeCache: size=245760Kb used=4714Kb max_used=4726Kb free=241045Kb
 bounds [0x0000000002970000, 0x0000000002e20000, 0x0000000011970000]
 total_blobs=1679 nmethods=1368 adapters=224
 compilation: enabled

Compilation events (10 events):
Event: 4.754 Thread 0x00000000551b7800 1344       3       java.util.StringTokenizer::hasMoreTokens (29 bytes)
Event: 4.754 Thread 0x00000000551b7800 nmethod 1344 0x0000000002df9f10 code [0x0000000002dfa080, 0x0000000002dfa288]
Event: 4.754 Thread 0x00000000551b7800 1346       3       java.util.HashMap::<init> (98 bytes)
Event: 4.755 Thread 0x00000000551b7800 nmethod 1346 0x0000000002dfe590 code [0x0000000002dfe820, 0x0000000002dffa78]
Event: 4.755 Thread 0x00000000551b7800 1347       1       org.apache.maven.model.Dependency::getType (5 bytes)
Event: 4.755 Thread 0x00000000551b7800 nmethod 1347 0x0000000002de61d0 code [0x0000000002de6320, 0x0000000002de6430]
Event: 4.755 Thread 0x00000000551b7800 1345       3       java.util.StringTokenizer::nextToken (92 bytes)
Event: 4.756 Thread 0x00000000551b7800 nmethod 1345 0x0000000002df97d0 code [0x0000000002df9960, 0x0000000002df9d78]
Event: 4.756 Thread 0x00000000551b7800 1348       3       java.util.regex.Pattern$BmpCharProperty::match (50 bytes)
Event: 4.756 Thread 0x00000000551b7800 nmethod 1348 0x0000000002dfddd0 code [0x0000000002dfdf60, 0x0000000002dfe408]

GC Heap History (6 events):
Event: 0.963 GC heap before
{Heap before GC invocations=1 (full 0):
 PSYoungGen      total 18944K, used 16384K [0x00000000eb400000, 0x00000000ec900000, 0x0000000100000000)
  eden space 16384K, 100% used [0x00000000eb400000,0x00000000ec400000,0x00000000ec400000)
  from space 2560K, 0% used [0x00000000ec680000,0x00000000ec680000,0x00000000ec900000)
  to   space 2560K, 0% used [0x00000000ec400000,0x00000000ec400000,0x00000000ec680000)
 ParOldGen       total 44032K, used 0K [0x00000000c1c00000, 0x00000000c4700000, 0x00000000eb400000)
  object space 44032K, 0% used [0x00000000c1c00000,0x00000000c1c00000,0x00000000c4700000)
 Metaspace       used 6643K, capacity 6804K, committed 7040K, reserved 1056768K
  class space    used 807K, capacity 888K, committed 896K, reserved 1048576K
Event: 0.990 GC heap after
Heap after GC invocations=1 (full 0):
 PSYoungGen      total 18944K, used 2548K [0x00000000eb400000, 0x00000000ed900000, 0x0000000100000000)
  eden space 16384K, 0% used [0x00000000eb400000,0x00000000eb400000,0x00000000ec400000)
  from space 2560K, 99% used [0x00000000ec400000,0x00000000ec67d1c8,0x00000000ec680000)
  to   space 2560K, 0% used [0x00000000ed680000,0x00000000ed680000,0x00000000ed900000)
 ParOldGen       total 44032K, used 529K [0x00000000c1c00000, 0x00000000c4700000, 0x00000000eb400000)
  object space 44032K, 1% used [0x00000000c1c00000,0x00000000c1c84520,0x00000000c4700000)
 Metaspace       used 6643K, capacity 6804K, committed 7040K, reserved 1056768K
  class space    used 807K, capacity 888K, committed 896K, reserved 1048576K
}
Event: 1.901 GC heap before
{Heap before GC invocations=2 (full 0):
 PSYoungGen      total 18944K, used 18932K [0x00000000eb400000, 0x00000000ed900000, 0x0000000100000000)
  eden space 16384K, 100% used [0x00000000eb400000,0x00000000ec400000,0x00000000ec400000)
  from space 2560K, 99% used [0x00000000ec400000,0x00000000ec67d1c8,0x00000000ec680000)
  to   space 2560K, 0% used [0x00000000ed680000,0x00000000ed680000,0x00000000ed900000)
 ParOldGen       total 44032K, used 529K [0x00000000c1c00000, 0x00000000c4700000, 0x00000000eb400000)
  object space 44032K, 1% used [0x00000000c1c00000,0x00000000c1c84520,0x00000000c4700000)
 Metaspace       used 7539K, capacity 7680K, committed 7936K, reserved 1056768K
  class space    used 931K, capacity 986K, committed 1024K, reserved 1048576K
Event: 1.930 GC heap after
Heap after GC invocations=2 (full 0):
 PSYoungGen      total 35328K, used 2487K [0x00000000eb400000, 0x00000000ed900000, 0x0000000100000000)
  eden space 32768K, 0% used [0x00000000eb400000,0x00000000eb400000,0x00000000ed400000)
  from space 2560K, 97% used [0x00000000ed680000,0x00000000ed8edde8,0x00000000ed900000)
  to   space 2560K, 0% used [0x00000000ed400000,0x00000000ed400000,0x00000000ed680000)
 ParOldGen       total 44032K, used 537K [0x00000000c1c00000, 0x00000000c4700000, 0x00000000eb400000)
  object space 44032K, 1% used [0x00000000c1c00000,0x00000000c1c86520,0x00000000c4700000)
 Metaspace       used 7539K, capacity 7680K, committed 7936K, reserved 1056768K
  class space    used 931K, capacity 986K, committed 1024K, reserved 1048576K
}
Event: 4.681 GC heap before
{Heap before GC invocations=3 (full 0):
 PSYoungGen      total 35328K, used 35255K [0x00000000eb400000, 0x00000000ed900000, 0x0000000100000000)
  eden space 32768K, 100% used [0x00000000eb400000,0x00000000ed400000,0x00000000ed400000)
  from space 2560K, 97% used [0x00000000ed680000,0x00000000ed8edde8,0x00000000ed900000)
  to   space 2560K, 0% used [0x00000000ed400000,0x00000000ed400000,0x00000000ed680000)
 ParOldGen       total 44032K, used 537K [0x00000000c1c00000, 0x00000000c4700000, 0x00000000eb400000)
  object space 44032K, 1% used [0x00000000c1c00000,0x00000000c1c86520,0x00000000c4700000)
 Metaspace       used 11625K, capacity 11872K, committed 12032K, reserved 1060864K
  class space    used 1438K, capacity 1504K, committed 1536K, reserved 1048576K
Event: 4.691 GC heap after
Heap after GC invocations=3 (full 0):
 PSYoungGen      total 35328K, used 2560K [0x00000000eb400000, 0x00000000ed900000, 0x0000000100000000)
  eden space 32768K, 0% used [0x00000000eb400000,0x00000000eb400000,0x00000000ed400000)
  from space 2560K, 100% used [0x00000000ed400000,0x00000000ed680000,0x00000000ed680000)
  to   space 2560K, 0% used [0x00000000ed680000,0x00000000ed680000,0x00000000ed900000)
 ParOldGen       total 44032K, used 4935K [0x00000000c1c00000, 0x00000000c4700000, 0x00000000eb400000)
  object space 44032K, 11% used [0x00000000c1c00000,0x00000000c20d1e20,0x00000000c4700000)
 Metaspace       used 11625K, capacity 11872K, committed 12032K, reserved 1060864K
  class space    used 1438K, capacity 1504K, committed 1536K, reserved 1048576K
}

Deoptimization events (10 events):
Event: 2.138 Thread 0x000000000020f000 Uncommon trap: reason=class_check action=maybe_recompile pc=0x0000000002cecacc method=java.lang.reflect.Executable.getAnnotation(Ljava/lang/Class;)Ljava/lang/annotation/Annotation; @ 11
Event: 2.138 Thread 0x000000000020f000 Uncommon trap: reason=class_check action=maybe_recompile pc=0x0000000002cecacc method=java.lang.reflect.Executable.getAnnotation(Ljava/lang/Class;)Ljava/lang/annotation/Annotation; @ 11
Event: 2.141 Thread 0x000000000020f000 Uncommon trap: reason=class_check action=maybe_recompile pc=0x0000000002cecacc method=java.lang.reflect.Executable.getAnnotation(Ljava/lang/Class;)Ljava/lang/annotation/Annotation; @ 11
Event: 2.142 Thread 0x000000000020f000 Uncommon trap: reason=class_check action=maybe_recompile pc=0x0000000002cecacc method=java.lang.reflect.Executable.getAnnotation(Ljava/lang/Class;)Ljava/lang/annotation/Annotation; @ 11
Event: 2.365 Thread 0x000000000020f000 Uncommon trap: reason=class_check action=maybe_recompile pc=0x0000000002d06714 method=java.util.HashMap.putVal(ILjava/lang/Object;Ljava/lang/Object;ZZ)Ljava/lang/Object; @ 203
Event: 2.366 Thread 0x000000000020f000 Uncommon trap: reason=class_check action=maybe_recompile pc=0x0000000002d06714 method=java.util.HashMap.putVal(ILjava/lang/Object;Ljava/lang/Object;ZZ)Ljava/lang/Object; @ 203
Event: 2.366 Thread 0x000000000020f000 Uncommon trap: reason=class_check action=maybe_recompile pc=0x0000000002d06714 method=java.util.HashMap.putVal(ILjava/lang/Object;Ljava/lang/Object;ZZ)Ljava/lang/Object; @ 203
Event: 2.366 Thread 0x000000000020f000 Uncommon trap: reason=class_check action=maybe_recompile pc=0x0000000002d06714 method=java.util.HashMap.putVal(ILjava/lang/Object;Ljava/lang/Object;ZZ)Ljava/lang/Object; @ 203
Event: 4.251 Thread 0x000000000020f000 Uncommon trap: reason=predicate action=maybe_recompile pc=0x0000000002c0ae38 method=java.nio.charset.CharsetDecoder.decode(Ljava/nio/ByteBuffer;Ljava/nio/CharBuffer;Z)Ljava/nio/charset/CoderResult; @ 54
Event: 4.747 Thread 0x000000000020f000 Uncommon trap: reason=unreached action=reinterpret pc=0x0000000002de2af0 method=java.lang.reflect.AccessibleObject.setAccessible0(Ljava/lang/reflect/AccessibleObject;Z)V @ 4

Internal exceptions (10 events):
Event: 4.744 Thread 0x000000000020f000 Exception <a 'java/security/PrivilegedActionException'> (0x00000000eb581db0) thrown at [D:\re\workspace\8-2-build-windows-amd64-cygwin\jdk8u20\1074\hotspot\src\share\vm\prims\jvm.cpp, line 1275]
Event: 4.746 Thread 0x000000000020f000 Exception <a 'java/security/PrivilegedActionException'> (0x00000000eb58a850) thrown at [D:\re\workspace\8-2-build-windows-amd64-cygwin\jdk8u20\1074\hotspot\src\share\vm\prims\jvm.cpp, line 1275]
Event: 4.746 Thread 0x000000000020f000 Exception <a 'java/security/PrivilegedActionException'> (0x00000000eb58b7b0) thrown at [D:\re\workspace\8-2-build-windows-amd64-cygwin\jdk8u20\1074\hotspot\src\share\vm\prims\jvm.cpp, line 1275]
Event: 4.749 Thread 0x000000000020f000 Exception <a 'java/security/PrivilegedActionException'> (0x00000000eb5a5cf8) thrown at [D:\re\workspace\8-2-build-windows-amd64-cygwin\jdk8u20\1074\hotspot\src\share\vm\prims\jvm.cpp, line 1275]
Event: 4.749 Thread 0x000000000020f000 Exception <a 'java/security/PrivilegedActionException'> (0x00000000eb5a6628) thrown at [D:\re\workspace\8-2-build-windows-amd64-cygwin\jdk8u20\1074\hotspot\src\share\vm\prims\jvm.cpp, line 1275]
Event: 4.750 Thread 0x000000000020f000 Exception <a 'java/security/PrivilegedActionException'> (0x00000000eb5a81b0) thrown at [D:\re\workspace\8-2-build-windows-amd64-cygwin\jdk8u20\1074\hotspot\src\share\vm\prims\jvm.cpp, line 1275]
Event: 4.751 Thread 0x000000000020f000 Exception <a 'java/security/PrivilegedActionException'> (0x00000000eb5bc798) thrown at [D:\re\workspace\8-2-build-windows-amd64-cygwin\jdk8u20\1074\hotspot\src\share\vm\prims\jvm.cpp, line 1275]
Event: 4.751 Thread 0x000000000020f000 Exception <a 'java/security/PrivilegedActionException'> (0x00000000eb5bd0c8) thrown at [D:\re\workspace\8-2-build-windows-amd64-cygwin\jdk8u20\1074\hotspot\src\share\vm\prims\jvm.cpp, line 1275]
Event: 4.752 Thread 0x000000000020f000 Exception <a 'java/security/PrivilegedActionException'> (0x00000000eb5d2150) thrown at [D:\re\workspace\8-2-build-windows-amd64-cygwin\jdk8u20\1074\hotspot\src\share\vm\prims\jvm.cpp, line 1275]
Event: 4.752 Thread 0x000000000020f000 Exception <a 'java/security/PrivilegedActionException'> (0x00000000eb5d2840) thrown at [D:\re\workspace\8-2-build-windows-amd64-cygwin\jdk8u20\1074\hotspot\src\share\vm\prims\jvm.cpp, line 1275]

Events (10 events):
Event: 4.747 Thread 0x000000000020f000 DEOPT PACKING pc=0x0000000002de2af0 sp=0x000000000269bea0
Event: 4.747 Thread 0x000000000020f000 DEOPT UNPACKING pc=0x00000000029b556a sp=0x000000000269be30 mode 2
Event: 4.749 loading class org/apache/maven/lifecycle/Lifecycle$__plexus2
Event: 4.749 loading class org/apache/maven/lifecycle/Lifecycle$__plexus2 done
Event: 4.749 loading class org/apache/maven/lifecycle/Lifecycle
Event: 4.749 loading class org/apache/maven/lifecycle/Lifecycle done
Event: 4.751 loading class org/apache/maven/lifecycle/Lifecycle$__plexus1
Event: 4.751 loading class org/apache/maven/lifecycle/Lifecycle$__plexus1 done
Event: 4.752 loading class org/apache/maven/lifecycle/internal/DefaultLifecyclePluginAnalyzer$1
Event: 4.752 loading class org/apache/maven/lifecycle/internal/DefaultLifecyclePluginAnalyzer$1 done


Dynamic libraries:
0x000000013f200000 - 0x000000013f234000 	C:\Program Files\Java\jdk1.8.0_20\bin\java.exe
0x0000000077870000 - 0x0000000077a1a000 	C:\Windows\SYSTEM32\ntdll.dll
0x0000000077750000 - 0x000000007786f000 	C:\Windows\system32\kernel32.dll
0x000007fefd650000 - 0x000007fefd6ba000 	C:\Windows\system32\KERNELBASE.dll
0x000007feff070000 - 0x000007feff14b000 	C:\Windows\system32\ADVAPI32.dll
0x000007feff790000 - 0x000007feff82f000 	C:\Windows\system32\msvcrt.dll
0x000007feff170000 - 0x000007feff18f000 	C:\Windows\SYSTEM32\sechost.dll
0x000007fefea60000 - 0x000007fefeb8d000 	C:\Windows\system32\RPCRT4.dll
0x0000000077650000 - 0x000000007774a000 	C:\Windows\system32\USER32.dll
0x000007fefd9f0000 - 0x000007fefda57000 	C:\Windows\system32\GDI32.dll
0x000007fefd9e0000 - 0x000007fefd9ee000 	C:\Windows\system32\LPK.dll
0x000007feff410000 - 0x000007feff4da000 	C:\Windows\system32\USP10.dll
0x000007fefbcc0000 - 0x000007fefbeb4000 	C:\Windows\WinSxS\amd64_microsoft.windows.common-controls_6595b64144ccf1df_6.0.7601.17514_none_fa396087175ac9ac\COMCTL32.dll
0x000007fefda60000 - 0x000007fefdad1000 	C:\Windows\system32\SHLWAPI.dll
0x000007feff760000 - 0x000007feff78e000 	C:\Windows\system32\IMM32.DLL
0x000007fefe8f0000 - 0x000007fefe9f9000 	C:\Windows\system32\MSCTF.dll
0x000000006f8c0000 - 0x000000006f992000 	C:\Program Files\Java\jdk1.8.0_20\jre\bin\msvcr100.dll
0x000000006eea0000 - 0x000000006f6f8000 	C:\Program Files\Java\jdk1.8.0_20\jre\bin\server\jvm.dll
0x000007feef820000 - 0x000007feef829000 	C:\Windows\system32\WSOCK32.dll
0x000007feff4e0000 - 0x000007feff52d000 	C:\Windows\system32\WS2_32.dll
0x000007feff830000 - 0x000007feff838000 	C:\Windows\system32\NSI.dll
0x000007fefb320000 - 0x000007fefb35b000 	C:\Windows\system32\WINMM.dll
0x0000000077a30000 - 0x0000000077a37000 	C:\Windows\system32\PSAPI.DLL
0x0000000072b40000 - 0x0000000072b4f000 	C:\Program Files\Java\jdk1.8.0_20\jre\bin\verify.dll
0x0000000071cc0000 - 0x0000000071ce8000 	C:\Program Files\Java\jdk1.8.0_20\jre\bin\java.dll
0x0000000071ca0000 - 0x0000000071cb6000 	C:\Program Files\Java\jdk1.8.0_20\jre\bin\zip.dll
0x000007fefdae0000 - 0x000007fefe868000 	C:\Windows\system32\SHELL32.dll
0x000007fefeb90000 - 0x000007fefed93000 	C:\Windows\system32\ole32.dll
0x000007fefd620000 - 0x000007fefd62f000 	C:\Windows\system32\profapi.dll
0x000007fefd420000 - 0x000007fefd477000 	C:\Windows\system32\apphelp.dll
0x0000000071c80000 - 0x0000000071c9a000 	C:\Program Files\Java\jdk1.8.0_20\jre\bin\net.dll
0x000007fefcdc0000 - 0x000007fefce15000 	C:\Windows\system32\mswsock.dll
0x000007fefcdb0000 - 0x000007fefcdb7000 	C:\Windows\System32\wship6.dll
0x0000000071c60000 - 0x0000000071c71000 	C:\Program Files\Java\jdk1.8.0_20\jre\bin\nio.dll

VM Arguments:
jvm_args: -Dclassworlds.conf=C:\Program Files\NetBeans 8.2\java\maven\bin\m2.conf -Dmaven.home=C:\Program Files\NetBeans 8.2\java\maven 
java_command: org.codehaus.plexus.classworlds.launcher.Launcher -Dexec.args=-classpath %classpath com.mac.Application -Dexec.executable=C:\Program Files\Java\jdk1.8.0_20\bin\java.exe -Dmaven.ext.class.path=C:\Program Files\NetBeans 8.2\java\maven-nblib\netbeans-eventspy.jar -Dfile.encoding=UTF-8 org.codehaus.mojo:exec-maven-plugin:1.2.1:exec
java_class_path (initial): C:\Program Files\NetBeans 8.2\java\maven\boot\plexus-classworlds-2.4.jar
Launcher Type: SUN_STANDARD

Environment Variables:
JAVA_HOME=C:\Program Files\Java\jdk1.8.0_20
PATH=C:\ProgramData\Oracle\Java\javapath;C:\Windows\system32;C:\Windows;C:\Windows\System32\Wbem;C:\Windows\System32\WindowsPowerShell\v1.0;C:\Program Files\Java\jdk1.8.0_20\bin;C:\Program Files\nodejs;C:\Program Files\nodejs\node_modules\npm\bin;;C:\Program Files\Git\cmd;;C:\Program Files (x86)\Brackets\command;C:\Program Files (x86)\MySQL\MySQL Server 5.0\bin;C:\Users\my\AppData\Roaming\npm
USERNAME=my
OS=Windows_NT
PROCESSOR_IDENTIFIER=Intel64 Family 6 Model 58 Stepping 9, GenuineIntel



---------------  S Y S T E M  ---------------

OS: Windows 7 , 64 bit Build 7601 Service Pack 1

CPU:total 4 (2 cores per cpu, 2 threads per core) family 6 model 58 stepping 9, cmov, cx8, fxsr, mmx, sse, sse2, sse3, ssse3, sse4.1, sse4.2, popcnt, avx, clmul, erms, ht, tsc, tscinvbit, tscinv

Memory: 4k page, physical 4073836k(721648k free), swap 16293484k(4912k free)

vm_info: Java HotSpot(TM) 64-Bit Server VM (25.20-b23) for windows-amd64 JRE (1.8.0_20-b26), built on Jul 30 2014 13:51:23 by "java_re" with MS VC++ 10.0 (VS2010)

time: Tue Jul 11 23:06:55 2017
elapsed time: 4 seconds (0d 0h 0m 4s)

